<?xml version="1.0" encoding="UTF-8"?>
<testng-results skipped="0" failed="0" ignored="0" total="1" passed="1">
  <reporter-output>
  </reporter-output>
  <suite name="Default suite" duration-ms="20404" started-at="2017-08-07T09:59:45Z" finished-at="2017-08-07T10:00:05Z">
    <groups>
    </groups>
    <test name="Default test" duration-ms="20404" started-at="2017-08-07T09:59:45Z" finished-at="2017-08-07T10:00:05Z">
      <class name="temp.temp_cl">
        <test-method status="PASS" signature="temp_method()[pri:0, instance:temp.temp_cl@7f560810]" name="temp_method" duration-ms="20374" started-at="2017-08-07T15:29:45Z" finished-at="2017-08-07T15:30:05Z">
          <reporter-output>
          </reporter-output>
        </test-method> <!-- temp_method -->
      </class> <!-- temp.temp_cl -->
    </test> <!-- Default test -->
  </suite> <!-- Default suite -->
</testng-results>
